MPASM 5.76                       ASMFILE.ASM   2-19-2022  10:59:36         PAGE  1


LOC  OBJECT CODE     LINE SOURCE TEXT
  VALUE

                      00001 #include <p16f877A.inc>
                      00001         LIST
                      00002 
                      00003 ;==========================================================================
                      00004 ; Build date : Sep 19 2017
                      00005 ;  MPASM PIC16F877A processor include
                      00006 ; 
                      00007 ;  (c) Copyright 1999-2017 Microchip Technology, All rights reserved
                      00008 ;==========================================================================
                      00009 
                      00567         LIST
                      00002     
Warning[207]: Found label after column 1. (G1)
  00000020            00003     G1      EQU 0X20
Warning[207]: Found label after column 1. (VERI)
  00000021            00004     VERI    EQU 0X21
Warning[207]: Found label after column 1. (TMP)
  00000022            00005     TMP     EQU 0X22
                      00006            
Warning[207]: Found label after column 1. (BASAMAK_1)
  00000023            00007     BASAMAK_1 EQU 0X23
Warning[207]: Found label after column 1. (BASAMAK_2)
  00000024            00008     BASAMAK_2 EQU 0X24
Warning[207]: Found label after column 1. (BASAMAK_3)
  00000025            00009     BASAMAK_3 EQU 0X25
Warning[207]: Found label after column 1. (BASAMAK_4)
  00000026            00010     BASAMAK_4 EQU 0X26
                      00011  
Warning[207]: Found label after column 1. (SAYI_L)
  00000027            00012     SAYI_L EQU 0X27
Warning[207]: Found label after column 1. (SAYI_H)
  00000028            00013     SAYI_H EQU 0X28
                      00014             
                      00015     ORG 0X00
0000   2???           00016     GOTO BASLA
                      00017     
Warning[207]: Found label after column 1. (LCD_AYAR)
0001                  00018     LCD_AYAR
0001   1683 1303      00019         BANKSEL TRISB
Message[302]: Register in operand not in bank 0.  Ensure that bank bits are correct.
0003   0186           00020         CLRF TRISB
0004   1283 1303      00021         BANKSEL PORTB
0006   0186           00022         CLRF PORTB
                      00023         
0007   1206           00024         BCF PORTB,4
                      00025         
0008   3002           00026         MOVLW 0X02
0009   2???           00027         CALL GONDER
                      00028         
000A   3028           00029         MOVLW 0X28
000B   2???           00030         CALL GONDER
                      00031         
000C   3001           00032         MOVLW 0X01
MPASM 5.76                       ASMFILE.ASM   2-19-2022  10:59:36         PAGE  2


LOC  OBJECT CODE     LINE SOURCE TEXT
  VALUE

000D   2???           00033         CALL GONDER
                      00034         
000E   3010           00035         MOVLW 0X10
000F   2???           00036         CALL GONDER
                      00037         
0010   3006           00038         MOVLW 0X06
0011   2???           00039         CALL GONDER
                      00040         
0012   300D           00041         MOVLW 0X0D
0013   2???           00042         CALL GONDER
                      00043         
0014   0008           00044         RETURN
                      00045         
Warning[207]: Found label after column 1. (TETIKLEME)
0015                  00046     TETIKLEME
0015   1283 1303      00047         BANKSEL PORTB
0017   1686           00048         BSF PORTB,5
0018   2???           00049         CALL GECIKME_200USN
0019   1286           00050         BCF PORTB,5
001A   0008           00051         RETURN
                      00052         
Warning[207]: Found label after column 1. (GECIKME_200USN)
001B                  00053     GECIKME_200USN
001B   30C8           00054         MOVLW 0XC8
001C   00A0           00055         MOVWF G1
Warning[207]: Found label after column 1. (AR)
001D                  00056         AR:     
001D   0BA0           00057             DECFSZ G1,1
001E   2???           00058             GOTO AR
001F   0008           00059         RETURN
                      00060         
Warning[207]: Found label after column 1. (GONDER)
0020                  00061     GONDER
0020   00A1           00062         MOVWF VERI
0021   0E21           00063         SWAPF VERI,0
0022   390F           00064         ANDLW 0X0F
0023   00A2           00065         MOVWF TMP
0024   0806           00066         MOVFW PORTB
0025   39F0           00067         ANDLW 0XF0
0026   0422           00068         IORWF TMP,0
0027   0086           00069         MOVWF PORTB
0028   2???           00070         CALL TETIKLEME
                      00071         
0029   0821           00072         MOVFW VERI
002A   390F           00073         ANDLW 0X0F
002B   00A2           00074         MOVWF TMP
002C   0806           00075         MOVFW PORTB
002D   39F0           00076         ANDLW 0XF0
002E   0422           00077         IORWF TMP,0
002F   0086           00078         MOVWF PORTB
0030   2???           00079         CALL TETIKLEME
                      00080         
0031   0008           00081         RETURN
MPASM 5.76                       ASMFILE.ASM   2-19-2022  10:59:36         PAGE  3


LOC  OBJECT CODE     LINE SOURCE TEXT
  VALUE

                      00082         
Warning[207]: Found label after column 1. (CEVIR)
0032                  00083     CEVIR
0032   08A8           00084         MOVF SAYI_H,F
0033   1903           00085         BTFSC STATUS,Z
0034   2???           00086         GOTO ATLA
0035   2???           00087         CALL CEVIR_2
0036   0008           00088         RETURN
Warning[207]: Found label after column 1. (ATLA)
0037                  00089         ATLA
0037   2???           00090             CALL CEVIR_1
0038   0008           00091         RETURN
                      00092         
Warning[207]: Found label after column 1. (CEVIR_2)
0039                  00093     CEVIR_2
0039   0827           00094         MOVFW SAYI_L
003A   00A2           00095         MOVWF TMP
Warning[207]: Found label after column 1. (T2)
003B                  00096         T2
003B   0AA3           00097             INCF BASAMAK_1,1
003C   30FF           00098             MOVLW .255
003D   00A7           00099             MOVWF SAYI_L
003E   2???           00100             CALL CEVIR_1
003F   0BA8           00101             DECFSZ SAYI_H,1
0040   2???           00102             GOTO T2
0041   0822           00103         MOVFW TMP
0042   00A7           00104         MOVWF SAYI_L
0043   2???           00105         CALL CEVIR_1
0044   0008           00106         RETURN
                      00107             
                      00108         
Warning[207]: Found label after column 1. (CEVIR_1)
0045                  00109     CEVIR_1
0045   08A7           00110         MOVF SAYI_L,F
0046   1903           00111         BTFSC STATUS,Z
0047   0008           00112         RETURN
                      00113         
0048   03A7           00114         DECF SAYI_L,1
0049   0AA3           00115         INCF BASAMAK_1,1
004A   300A           00116         MOVLW .10
004B   0223           00117         SUBWF BASAMAK_1,0
004C   1D03           00118         BTFSS STATUS,Z
004D   2???           00119         GOTO CEVIR_1
                      00120         
004E   01A3           00121         CLRF BASAMAK_1
004F   0AA4           00122         INCF BASAMAK_2,1
0050   300A           00123         MOVLW .10
0051   0224           00124         SUBWF BASAMAK_2,0
0052   1D03           00125         BTFSS STATUS,Z
0053   2???           00126         GOTO CEVIR_1
                      00127         
0054   01A4           00128         CLRF BASAMAK_2
0055   0AA5           00129         INCF BASAMAK_3,1
MPASM 5.76                       ASMFILE.ASM   2-19-2022  10:59:36         PAGE  4


LOC  OBJECT CODE     LINE SOURCE TEXT
  VALUE

0056   300A           00130         MOVLW .10
0057   0225           00131         SUBWF BASAMAK_3,0
0058   1D03           00132         BTFSS STATUS,Z
0059   2???           00133         GOTO CEVIR_1
                      00134         
005A   01A5           00135         CLRF BASAMAK_3
005B   0AA6           00136         INCF BASAMAK_4,1
005C   300A           00137         MOVLW .10
005D   0226           00138         SUBWF BASAMAK_4,0
005E   1D03           00139         BTFSS STATUS,Z
005F   2???           00140         GOTO CEVIR_1
                      00141         
0060   0008           00142         RETURN
                      00143     
Warning[207]: Found label after column 1. (ASCII_LOOKUP)
0061                  00144     ASCII_LOOKUP
0061   0782           00145         ADDWF PCL,1
0062   3430           00146         RETLW 0X30
0063   3431           00147         RETLW 0X31
0064   3432           00148         RETLW 0X32
0065   3433           00149         RETLW 0X33
0066   3434           00150         RETLW 0X34
0067   3435           00151         RETLW 0X35
0068   3436           00152         RETLW 0X36
0069   3437           00153         RETLW 0X37
006A   3438           00154         RETLW 0X38
006B   3439           00155         RETLW 0X39
                      00156         
Warning[207]: Found label after column 1. (BASLA)
006C                  00157     BASLA
006C   2???           00158         CALL LCD_AYAR
006D   1606           00159         BSF PORTB,4
                      00160         
006E   3003           00161         MOVLW .3
006F   00A8           00162         MOVWF SAYI_H
                      00163         
0070   30FF           00164         MOVLW .255
0071   00A7           00165         MOVWF SAYI_L
0072   2???           00166         CALL CEVIR
                      00167         
0073   0826           00168         MOVFW BASAMAK_4
0074   2???           00169         CALL ASCII_LOOKUP
0075   2???           00170         CALL GONDER
                      00171         
0076   0825           00172         MOVFW BASAMAK_3
0077   2???           00173         CALL ASCII_LOOKUP
0078   2???           00174         CALL GONDER
                      00175         
0079   0824           00176         MOVFW BASAMAK_2
007A   2???           00177         CALL ASCII_LOOKUP
007B   2???           00178         CALL GONDER
                      00179         
007C   0823           00180         MOVFW BASAMAK_1
MPASM 5.76                       ASMFILE.ASM   2-19-2022  10:59:36         PAGE  5


LOC  OBJECT CODE     LINE SOURCE TEXT
  VALUE

007D   2???           00181         CALL ASCII_LOOKUP
007E   2???           00182         CALL GONDER
                      00183         
                      00184         
Warning[207]: Found label after column 1. (GG)
007F                  00185         GG
007F   2???           00186             GOTO GG
                      00187             
                      00188     END
MPASM 5.76                       ASMFILE.ASM   2-19-2022  10:59:36         PAGE  6


SYMBOL TABLE
  LABEL                             VALUE 

ACKDT                             00000005
ACKEN                             00000004
ACKSTAT                           00000006
ADCON0                            0000001F
ADCON1                            0000009F
ADCS0                             00000006
ADCS1                             00000007
ADCS2                             00000006
ADDEN                             00000003
ADFM                              00000007
ADIE                              00000006
ADIF                              00000006
ADON                              00000000
ADRESH                            0000001E
ADRESL                            0000009E
AR                                0000001D
ASCII_LOOKUP                      00000061
ATLA                              00000037
BASAMAK_1                         00000023
BASAMAK_2                         00000024
BASAMAK_3                         00000025
BASAMAK_4                         00000026
BASLA                             0000006C
BCLIE                             00000003
BCLIF                             00000003
BF                                00000000
BRGH                              00000002
C                                 00000000
C1INV                             00000004
C1OUT                             00000006
C2INV                             00000005
C2OUT                             00000007
CCP1CON                           00000017
CCP1IE                            00000002
CCP1IF                            00000002
CCP1M0                            00000000
CCP1M1                            00000001
CCP1M2                            00000002
CCP1M3                            00000003
CCP1X                             00000005
CCP1Y                             00000004
CCP2CON                           0000001D
CCP2IE                            00000000
CCP2IF                            00000000
CCP2M0                            00000000
CCP2M1                            00000001
CCP2M2                            00000002
CCP2M3                            00000003
CCP2X                             00000005
CCP2Y                             00000004
CCPR1                             00000015
CCPR1H                            00000016
CCPR1L                            00000015
MPASM 5.76                       ASMFILE.ASM   2-19-2022  10:59:36         PAGE  7


SYMBOL TABLE
  LABEL                             VALUE 

CCPR2                             0000001B
CCPR2H                            0000001C
CCPR2L                            0000001B
CEVIR                             00000032
CEVIR_1                           00000045
CEVIR_2                           00000039
CHS0                              00000003
CHS1                              00000004
CHS2                              00000005
CIS                               00000003
CKE                               00000006
CKP                               00000004
CM0                               00000000
CM1                               00000001
CM2                               00000002
CMCON                             0000009C
CMIE                              00000006
CMIF                              00000006
CREN                              00000004
CSRC                              00000007
CVR0                              00000000
CVR1                              00000001
CVR2                              00000002
CVR3                              00000003
CVRCON                            0000009D
CVREN                             00000007
CVROE                             00000006
CVRR                              00000005
D                                 00000005
DATA_ADDRESS                      00000005
DC                                00000001
D_A                               00000005
D_NOT_A                           00000005
EEADR                             0000010D
EEADRH                            0000010F
EECON1                            0000018C
EECON2                            0000018D
EEDATA                            0000010C
EEDATH                            0000010E
EEIE                              00000004
EEIF                              00000004
EEPGD                             00000007
F                                 00000001
FERR                              00000002
FSR                               00000004
G1                                00000020
GCEN                              00000007
GECIKME_200USN                    0000001B
GG                                0000007F
GIE                               00000007
GO                                00000002
GONDER                            00000020
GO_DONE                           00000002
MPASM 5.76                       ASMFILE.ASM   2-19-2022  10:59:36         PAGE  8


SYMBOL TABLE
  LABEL                             VALUE 

GO_NOT_DONE                       00000002
I2C_DATA                          00000005
I2C_READ                          00000002
I2C_START                         00000003
I2C_STOP                          00000004
IBF                               00000007
IBOV                              00000005
INDF                              00000000
INTCON                            0000000B
INTE                              00000004
INTEDG                            00000006
INTF                              00000001
IRP                               00000007
LCD_AYAR                          00000001
NOT_A                             00000005
NOT_ADDRESS                       00000005
NOT_BO                            00000000
NOT_BOR                           00000000
NOT_DONE                          00000002
NOT_PD                            00000003
NOT_POR                           00000001
NOT_RBPU                          00000007
NOT_RC8                           00000006
NOT_T1SYNC                        00000002
NOT_TO                            00000004
NOT_TX8                           00000006
NOT_W                             00000002
NOT_WRITE                         00000002
OBF                               00000006
OERR                              00000001
OPTION_REG                        00000081
P                                 00000004
PCFG0                             00000000
PCFG1                             00000001
PCFG2                             00000002
PCFG3                             00000003
PCL                               00000002
PCLATH                            0000000A
PCON                              0000008E
PEIE                              00000006
PEN                               00000002
PIE1                              0000008C
PIE2                              0000008D
PIR1                              0000000C
PIR2                              0000000D
PORTA                             00000005
PORTB                             00000006
PORTC                             00000007
PORTD                             00000008
PORTE                             00000009
PR2                               00000092
PS0                               00000000
PS1                               00000001
MPASM 5.76                       ASMFILE.ASM   2-19-2022  10:59:36         PAGE  9


SYMBOL TABLE
  LABEL                             VALUE 

PS2                               00000002
PSA                               00000003
PSPIE                             00000007
PSPIF                             00000007
PSPMODE                           00000004
R                                 00000002
RA0                               00000000
RA1                               00000001
RA2                               00000002
RA3                               00000003
RA4                               00000004
RA5                               00000005
RB0                               00000000
RB1                               00000001
RB2                               00000002
RB3                               00000003
RB4                               00000004
RB5                               00000005
RB6                               00000006
RB7                               00000007
RBIE                              00000003
RBIF                              00000000
RC0                               00000000
RC1                               00000001
RC2                               00000002
RC3                               00000003
RC4                               00000004
RC5                               00000005
RC6                               00000006
RC7                               00000007
RC8_9                             00000006
RC9                               00000006
RCD8                              00000000
RCEN                              00000003
RCIE                              00000005
RCIF                              00000005
RCREG                             0000001A
RCSTA                             00000018
RD                                00000000
RD0                               00000000
RD1                               00000001
RD2                               00000002
RD3                               00000003
RD4                               00000004
RD5                               00000005
RD6                               00000006
RD7                               00000007
RE0                               00000000
RE1                               00000001
RE2                               00000002
READ_WRITE                        00000002
RP0                               00000005
RP1                               00000006
MPASM 5.76                       ASMFILE.ASM   2-19-2022  10:59:36         PAGE 10


SYMBOL TABLE
  LABEL                             VALUE 

RSEN                              00000001
RX9                               00000006
RX9D                              00000000
R_NOT_W                           00000002
R_W                               00000002
S                                 00000003
SAYI_H                            00000028
SAYI_L                            00000027
SEN                               00000000
SMP                               00000007
SPBRG                             00000099
SPEN                              00000007
SREN                              00000005
SSPADD                            00000093
SSPBUF                            00000013
SSPCON                            00000014
SSPCON2                           00000091
SSPEN                             00000005
SSPIE                             00000003
SSPIF                             00000003
SSPM0                             00000000
SSPM1                             00000001
SSPM2                             00000002
SSPM3                             00000003
SSPOV                             00000006
SSPSTAT                           00000094
STATUS                            00000003
SYNC                              00000004
T0CS                              00000005
T0IE                              00000005
T0IF                              00000002
T0SE                              00000004
T1CKPS0                           00000004
T1CKPS1                           00000005
T1CON                             00000010
T1INSYNC                          00000002
T1OSCEN                           00000003
T1SYNC                            00000002
T2                                0000003B
T2CKPS0                           00000000
T2CKPS1                           00000001
T2CON                             00000012
TETIKLEME                         00000015
TMP                               00000022
TMR0                              00000001
TMR0IE                            00000005
TMR0IF                            00000002
TMR1                              0000000E
TMR1CS                            00000001
TMR1H                             0000000F
TMR1IE                            00000000
TMR1IF                            00000000
TMR1L                             0000000E
MPASM 5.76                       ASMFILE.ASM   2-19-2022  10:59:36         PAGE 11


SYMBOL TABLE
  LABEL                             VALUE 

TMR1ON                            00000000
TMR2                              00000011
TMR2IE                            00000001
TMR2IF                            00000001
TMR2ON                            00000002
TOUTPS0                           00000003
TOUTPS1                           00000004
TOUTPS2                           00000005
TOUTPS3                           00000006
TRISA                             00000085
TRISA0                            00000000
TRISA1                            00000001
TRISA2                            00000002
TRISA3                            00000003
TRISA4                            00000004
TRISA5                            00000005
TRISB                             00000086
TRISB0                            00000000
TRISB1                            00000001
TRISB2                            00000002
TRISB3                            00000003
TRISB4                            00000004
TRISB5                            00000005
TRISB6                            00000006
TRISB7                            00000007
TRISC                             00000087
TRISC0                            00000000
TRISC1                            00000001
TRISC2                            00000002
TRISC3                            00000003
TRISC4                            00000004
TRISC5                            00000005
TRISC6                            00000006
TRISC7                            00000007
TRISD                             00000088
TRISD0                            00000000
TRISD1                            00000001
TRISD2                            00000002
TRISD3                            00000003
TRISD4                            00000004
TRISD5                            00000005
TRISD6                            00000006
TRISD7                            00000007
TRISE                             00000089
TRISE0                            00000000
TRISE1                            00000001
TRISE2                            00000002
TRMT                              00000001
TX8_9                             00000006
TX9                               00000006
TX9D                              00000000
TXD8                              00000000
TXEN                              00000005
MPASM 5.76                       ASMFILE.ASM   2-19-2022  10:59:36         PAGE 12


SYMBOL TABLE
  LABEL                             VALUE 

TXIE                              00000004
TXIF                              00000004
TXREG                             00000019
TXSTA                             00000098
UA                                00000001
VERI                              00000021
W                                 00000000
WCOL                              00000007
WR                                00000001
WREN                              00000002
WRERR                             00000003
Z                                 00000002
_BODEN_OFF                        00003FBF
_BODEN_ON                         00003FFF
_BOREN_OFF                        00003FBF
_BOREN_ON                         00003FFF
_CONFIG                           00002007
_CPD_OFF                          00003FFF
_CPD_ON                           00003EFF
_CP_ALL                           00001FFF
_CP_OFF                           00003FFF
_CP_ON                            00001FFF
_DEBUG_OFF                        00003FFF
_DEBUG_ON                         000037FF
_DEVID1                           00002006
_FOSC_EXTRC                       00003FFF
_FOSC_HS                          00003FFE
_FOSC_LP                          00003FFC
_FOSC_XT                          00003FFD
_HS_OSC                           00003FFE
_IDLOC0                           00002000
_IDLOC1                           00002001
_IDLOC2                           00002002
_IDLOC3                           00002003
_LP_OSC                           00003FFC
_LVP_OFF                          00003F7F
_LVP_ON                           00003FFF
_PWRTE_OFF                        00003FFF
_PWRTE_ON                         00003FF7
_RC_OSC                           00003FFF
_WDTE_OFF                         00003FFB
_WDTE_ON                          00003FFF
_WDT_OFF                          00003FFB
_WDT_ON                           00003FFF
_WRT_1FOURTH                      00003BFF
_WRT_256                          00003DFF
_WRT_HALF                         000039FF
_WRT_OFF                          00003FFF
_XT_OSC                           00003FFD
__16F877A                         00000001

MPASM 5.76                       ASMFILE.ASM   2-19-2022  10:59:36         PAGE 13





Errors   :     0
Warnings :    22 reported,     0 suppressed
Messages :     1 reported,     0 suppressed

