Warning[207] C:\USERS\AZUWIN\DESKTOP\DESKTOP\MIKROIşLEMCILER BüTüNLEME HAZıRLıK\PROJE_DOSYALARI\LCD\ÇALışMALAR\6.X\ASMFILE.ASM 3 : Found label after column 1. (G1)
Warning[207] C:\USERS\AZUWIN\DESKTOP\DESKTOP\MIKROIşLEMCILER BüTüNLEME HAZıRLıK\PROJE_DOSYALARI\LCD\ÇALışMALAR\6.X\ASMFILE.ASM 4 : Found label after column 1. (VERI)
Warning[207] C:\USERS\AZUWIN\DESKTOP\DESKTOP\MIKROIşLEMCILER BüTüNLEME HAZıRLıK\PROJE_DOSYALARI\LCD\ÇALışMALAR\6.X\ASMFILE.ASM 5 : Found label after column 1. (TMP)
Warning[207] C:\USERS\AZUWIN\DESKTOP\DESKTOP\MIKROIşLEMCILER BüTüNLEME HAZıRLıK\PROJE_DOSYALARI\LCD\ÇALışMALAR\6.X\ASMFILE.ASM 7 : Found label after column 1. (BASAMAK_1)
Warning[207] C:\USERS\AZUWIN\DESKTOP\DESKTOP\MIKROIşLEMCILER BüTüNLEME HAZıRLıK\PROJE_DOSYALARI\LCD\ÇALışMALAR\6.X\ASMFILE.ASM 8 : Found label after column 1. (BASAMAK_2)
Warning[207] C:\USERS\AZUWIN\DESKTOP\DESKTOP\MIKROIşLEMCILER BüTüNLEME HAZıRLıK\PROJE_DOSYALARI\LCD\ÇALışMALAR\6.X\ASMFILE.ASM 9 : Found label after column 1. (BASAMAK_3)
Warning[207] C:\USERS\AZUWIN\DESKTOP\DESKTOP\MIKROIşLEMCILER BüTüNLEME HAZıRLıK\PROJE_DOSYALARI\LCD\ÇALışMALAR\6.X\ASMFILE.ASM 10 : Found label after column 1. (BASAMAK_4)
Warning[207] C:\USERS\AZUWIN\DESKTOP\DESKTOP\MIKROIşLEMCILER BüTüNLEME HAZıRLıK\PROJE_DOSYALARI\LCD\ÇALışMALAR\6.X\ASMFILE.ASM 12 : Found label after column 1. (SAYI_L)
Warning[207] C:\USERS\AZUWIN\DESKTOP\DESKTOP\MIKROIşLEMCILER BüTüNLEME HAZıRLıK\PROJE_DOSYALARI\LCD\ÇALışMALAR\6.X\ASMFILE.ASM 13 : Found label after column 1. (SAYI_H)
Warning[207] C:\USERS\AZUWIN\DESKTOP\DESKTOP\MIKROIşLEMCILER BüTüNLEME HAZıRLıK\PROJE_DOSYALARI\LCD\ÇALışMALAR\6.X\ASMFILE.ASM 18 : Found label after column 1. (LCD_AYAR)
Message[302] C:\USERS\AZUWIN\DESKTOP\DESKTOP\MIKROIşLEMCILER BüTüNLEME HAZıRLıK\PROJE_DOSYALARI\LCD\ÇALışMALAR\6.X\ASMFILE.ASM 20 : Register in operand not in bank 0.  Ensure that bank bits are correct.
Warning[207] C:\USERS\AZUWIN\DESKTOP\DESKTOP\MIKROIşLEMCILER BüTüNLEME HAZıRLıK\PROJE_DOSYALARI\LCD\ÇALışMALAR\6.X\ASMFILE.ASM 46 : Found label after column 1. (TETIKLEME)
Warning[207] C:\USERS\AZUWIN\DESKTOP\DESKTOP\MIKROIşLEMCILER BüTüNLEME HAZıRLıK\PROJE_DOSYALARI\LCD\ÇALışMALAR\6.X\ASMFILE.ASM 53 : Found label after column 1. (GECIKME_200USN)
Warning[207] C:\USERS\AZUWIN\DESKTOP\DESKTOP\MIKROIşLEMCILER BüTüNLEME HAZıRLıK\PROJE_DOSYALARI\LCD\ÇALışMALAR\6.X\ASMFILE.ASM 56 : Found label after column 1. (AR)
Warning[207] C:\USERS\AZUWIN\DESKTOP\DESKTOP\MIKROIşLEMCILER BüTüNLEME HAZıRLıK\PROJE_DOSYALARI\LCD\ÇALışMALAR\6.X\ASMFILE.ASM 61 : Found label after column 1. (GONDER)
Warning[207] C:\USERS\AZUWIN\DESKTOP\DESKTOP\MIKROIşLEMCILER BüTüNLEME HAZıRLıK\PROJE_DOSYALARI\LCD\ÇALışMALAR\6.X\ASMFILE.ASM 83 : Found label after column 1. (CEVIR)
Warning[207] C:\USERS\AZUWIN\DESKTOP\DESKTOP\MIKROIşLEMCILER BüTüNLEME HAZıRLıK\PROJE_DOSYALARI\LCD\ÇALışMALAR\6.X\ASMFILE.ASM 89 : Found label after column 1. (ATLA)
Warning[207] C:\USERS\AZUWIN\DESKTOP\DESKTOP\MIKROIşLEMCILER BüTüNLEME HAZıRLıK\PROJE_DOSYALARI\LCD\ÇALışMALAR\6.X\ASMFILE.ASM 93 : Found label after column 1. (CEVIR_2)
Warning[207] C:\USERS\AZUWIN\DESKTOP\DESKTOP\MIKROIşLEMCILER BüTüNLEME HAZıRLıK\PROJE_DOSYALARI\LCD\ÇALışMALAR\6.X\ASMFILE.ASM 96 : Found label after column 1. (T2)
Warning[207] C:\USERS\AZUWIN\DESKTOP\DESKTOP\MIKROIşLEMCILER BüTüNLEME HAZıRLıK\PROJE_DOSYALARI\LCD\ÇALışMALAR\6.X\ASMFILE.ASM 109 : Found label after column 1. (CEVIR_1)
Warning[207] C:\USERS\AZUWIN\DESKTOP\DESKTOP\MIKROIşLEMCILER BüTüNLEME HAZıRLıK\PROJE_DOSYALARI\LCD\ÇALışMALAR\6.X\ASMFILE.ASM 144 : Found label after column 1. (ASCII_LOOKUP)
Warning[207] C:\USERS\AZUWIN\DESKTOP\DESKTOP\MIKROIşLEMCILER BüTüNLEME HAZıRLıK\PROJE_DOSYALARI\LCD\ÇALışMALAR\6.X\ASMFILE.ASM 157 : Found label after column 1. (BASLA)
Warning[207] C:\USERS\AZUWIN\DESKTOP\DESKTOP\MIKROIşLEMCILER BüTüNLEME HAZıRLıK\PROJE_DOSYALARI\LCD\ÇALışMALAR\6.X\ASMFILE.ASM 185 : Found label after column 1. (GG)
