Warning[207] C:\USERS\AZUWIN\DESKTOP\MIKROISLEMCILER\PROJE_DOSYALARI\ORNEK39.X\ASMFILE.ASM 5 : Found label after column 1. (SOL_COUNTER)
Warning[207] C:\USERS\AZUWIN\DESKTOP\MIKROISLEMCILER\PROJE_DOSYALARI\ORNEK39.X\ASMFILE.ASM 6 : Found label after column 1. (SAG_COUNTER)
Warning[207] C:\USERS\AZUWIN\DESKTOP\MIKROISLEMCILER\PROJE_DOSYALARI\ORNEK39.X\ASMFILE.ASM 8 : Found label after column 1. (TMR0_COUNTER)
Warning[207] C:\USERS\AZUWIN\DESKTOP\MIKROISLEMCILER\PROJE_DOSYALARI\ORNEK39.X\ASMFILE.ASM 10 : Found label after column 1. (G1)
Warning[207] C:\USERS\AZUWIN\DESKTOP\MIKROISLEMCILER\PROJE_DOSYALARI\ORNEK39.X\ASMFILE.ASM 11 : Found label after column 1. (G2)
Warning[207] C:\USERS\AZUWIN\DESKTOP\MIKROISLEMCILER\PROJE_DOSYALARI\ORNEK39.X\ASMFILE.ASM 12 : Found label after column 1. (G3)
Warning[207] C:\USERS\AZUWIN\DESKTOP\MIKROISLEMCILER\PROJE_DOSYALARI\ORNEK39.X\ASMFILE.ASM 20 : Found label after column 1. (KESME)
Warning[207] C:\USERS\AZUWIN\DESKTOP\MIKROISLEMCILER\PROJE_DOSYALARI\ORNEK39.X\ASMFILE.ASM 34 : Found label after column 1. (ARTTIR)
Message[305] C:\USERS\AZUWIN\DESKTOP\MIKROISLEMCILER\PROJE_DOSYALARI\ORNEK39.X\ASMFILE.ASM 35 : Using default destination of 1 (file).
Warning[207] C:\USERS\AZUWIN\DESKTOP\MIKROISLEMCILER\PROJE_DOSYALARI\ORNEK39.X\ASMFILE.ASM 42 : Found label after column 1. (SOL_ARTTIR)
Message[305] C:\USERS\AZUWIN\DESKTOP\MIKROISLEMCILER\PROJE_DOSYALARI\ORNEK39.X\ASMFILE.ASM 43 : Using default destination of 1 (file).
Warning[207] C:\USERS\AZUWIN\DESKTOP\MIKROISLEMCILER\PROJE_DOSYALARI\ORNEK39.X\ASMFILE.ASM 47 : Found label after column 1. (DISPLAY_GORUNTULE)
Warning[207] C:\USERS\AZUWIN\DESKTOP\MIKROISLEMCILER\PROJE_DOSYALARI\ORNEK39.X\ASMFILE.ASM 72 : Found label after column 1. (SETUP)
Message[302] C:\USERS\AZUWIN\DESKTOP\MIKROISLEMCILER\PROJE_DOSYALARI\ORNEK39.X\ASMFILE.ASM 74 : Register in operand not in bank 0.  Ensure that bank bits are correct.
Message[302] C:\USERS\AZUWIN\DESKTOP\MIKROISLEMCILER\PROJE_DOSYALARI\ORNEK39.X\ASMFILE.ASM 75 : Register in operand not in bank 0.  Ensure that bank bits are correct.
Message[302] C:\USERS\AZUWIN\DESKTOP\MIKROISLEMCILER\PROJE_DOSYALARI\ORNEK39.X\ASMFILE.ASM 89 : Register in operand not in bank 0.  Ensure that bank bits are correct.
Warning[207] C:\USERS\AZUWIN\DESKTOP\MIKROISLEMCILER\PROJE_DOSYALARI\ORNEK39.X\ASMFILE.ASM 103 : Found label after column 1. (LOOK_UP_TABLE)
Warning[207] C:\USERS\AZUWIN\DESKTOP\MIKROISLEMCILER\PROJE_DOSYALARI\ORNEK39.X\ASMFILE.ASM 116 : Found label after column 1. (GECIKME)
Warning[207] C:\USERS\AZUWIN\DESKTOP\MIKROISLEMCILER\PROJE_DOSYALARI\ORNEK39.X\ASMFILE.ASM 126 : Found label after column 1. (AA)
Warning[207] C:\USERS\AZUWIN\DESKTOP\MIKROISLEMCILER\PROJE_DOSYALARI\ORNEK39.X\ASMFILE.ASM 139 : Found label after column 1. (MAIN)
