Warning[207] C:\USERS\AZUWIN\DESKTOP\DESKTOP\MIKROIşLEMCILER BüTüNLEME HAZıRLıK\PROJE_DOSYALARI\ADC\ÇALışMALAR\3.X\ASMFILE.ASM 3 : Found label after column 1. (G1)
Warning[207] C:\USERS\AZUWIN\DESKTOP\DESKTOP\MIKROIşLEMCILER BüTüNLEME HAZıRLıK\PROJE_DOSYALARI\ADC\ÇALışMALAR\3.X\ASMFILE.ASM 4 : Found label after column 1. (VERI)
Warning[207] C:\USERS\AZUWIN\DESKTOP\DESKTOP\MIKROIşLEMCILER BüTüNLEME HAZıRLıK\PROJE_DOSYALARI\ADC\ÇALışMALAR\3.X\ASMFILE.ASM 5 : Found label after column 1. (TMP)
Warning[207] C:\USERS\AZUWIN\DESKTOP\DESKTOP\MIKROIşLEMCILER BüTüNLEME HAZıRLıK\PROJE_DOSYALARI\ADC\ÇALışMALAR\3.X\ASMFILE.ASM 7 : Found label after column 1. (SAYI_L)
Warning[207] C:\USERS\AZUWIN\DESKTOP\DESKTOP\MIKROIşLEMCILER BüTüNLEME HAZıRLıK\PROJE_DOSYALARI\ADC\ÇALışMALAR\3.X\ASMFILE.ASM 8 : Found label after column 1. (SAYI_H)
Warning[207] C:\USERS\AZUWIN\DESKTOP\DESKTOP\MIKROIşLEMCILER BüTüNLEME HAZıRLıK\PROJE_DOSYALARI\ADC\ÇALışMALAR\3.X\ASMFILE.ASM 10 : Found label after column 1. (BASAMAK_1)
Warning[207] C:\USERS\AZUWIN\DESKTOP\DESKTOP\MIKROIşLEMCILER BüTüNLEME HAZıRLıK\PROJE_DOSYALARI\ADC\ÇALışMALAR\3.X\ASMFILE.ASM 11 : Found label after column 1. (BASAMAK_2)
Warning[207] C:\USERS\AZUWIN\DESKTOP\DESKTOP\MIKROIşLEMCILER BüTüNLEME HAZıRLıK\PROJE_DOSYALARI\ADC\ÇALışMALAR\3.X\ASMFILE.ASM 12 : Found label after column 1. (BASAMAK_3)
Warning[207] C:\USERS\AZUWIN\DESKTOP\DESKTOP\MIKROIşLEMCILER BüTüNLEME HAZıRLıK\PROJE_DOSYALARI\ADC\ÇALışMALAR\3.X\ASMFILE.ASM 13 : Found label after column 1. (BASAMAK_4)
Warning[207] C:\USERS\AZUWIN\DESKTOP\DESKTOP\MIKROIşLEMCILER BüTüNLEME HAZıRLıK\PROJE_DOSYALARI\ADC\ÇALışMALAR\3.X\ASMFILE.ASM 15 : Found label after column 1. (G2)
Warning[207] C:\USERS\AZUWIN\DESKTOP\DESKTOP\MIKROIşLEMCILER BüTüNLEME HAZıRLıK\PROJE_DOSYALARI\ADC\ÇALışMALAR\3.X\ASMFILE.ASM 20 : Found label after column 1. (LCD_AYAR)
Message[302] C:\USERS\AZUWIN\DESKTOP\DESKTOP\MIKROIşLEMCILER BüTüNLEME HAZıRLıK\PROJE_DOSYALARI\ADC\ÇALışMALAR\3.X\ASMFILE.ASM 22 : Register in operand not in bank 0.  Ensure that bank bits are correct.
Warning[207] C:\USERS\AZUWIN\DESKTOP\DESKTOP\MIKROIşLEMCILER BüTüNLEME HAZıRLıK\PROJE_DOSYALARI\ADC\ÇALışMALAR\3.X\ASMFILE.ASM 48 : Found label after column 1. (TETIKLEME)
Warning[207] C:\USERS\AZUWIN\DESKTOP\DESKTOP\MIKROIşLEMCILER BüTüNLEME HAZıRLıK\PROJE_DOSYALARI\ADC\ÇALışMALAR\3.X\ASMFILE.ASM 55 : Found label after column 1. (GECIKME_200USN)
Warning[207] C:\USERS\AZUWIN\DESKTOP\DESKTOP\MIKROIşLEMCILER BüTüNLEME HAZıRLıK\PROJE_DOSYALARI\ADC\ÇALışMALAR\3.X\ASMFILE.ASM 58 : Found label after column 1. (AR)
Warning[207] C:\USERS\AZUWIN\DESKTOP\DESKTOP\MIKROIşLEMCILER BüTüNLEME HAZıRLıK\PROJE_DOSYALARI\ADC\ÇALışMALAR\3.X\ASMFILE.ASM 63 : Found label after column 1. (GECIKME_50MSN)
Warning[207] C:\USERS\AZUWIN\DESKTOP\DESKTOP\MIKROIşLEMCILER BüTüNLEME HAZıRLıK\PROJE_DOSYALARI\ADC\ÇALışMALAR\3.X\ASMFILE.ASM 70 : Found label after column 1. (DR)
Warning[207] C:\USERS\AZUWIN\DESKTOP\DESKTOP\MIKROIşLEMCILER BüTüNLEME HAZıRLıK\PROJE_DOSYALARI\ADC\ÇALışMALAR\3.X\ASMFILE.ASM 79 : Found label after column 1. (GONDER)
Warning[207] C:\USERS\AZUWIN\DESKTOP\DESKTOP\MIKROIşLEMCILER BüTüNLEME HAZıRLıK\PROJE_DOSYALARI\ADC\ÇALışMALAR\3.X\ASMFILE.ASM 101 : Found label after column 1. (CEVIR)
Warning[207] C:\USERS\AZUWIN\DESKTOP\DESKTOP\MIKROIşLEMCILER BüTüNLEME HAZıRLıK\PROJE_DOSYALARI\ADC\ÇALışMALAR\3.X\ASMFILE.ASM 107 : Found label after column 1. (ATLA)
Warning[207] C:\USERS\AZUWIN\DESKTOP\DESKTOP\MIKROIşLEMCILER BüTüNLEME HAZıRLıK\PROJE_DOSYALARI\ADC\ÇALışMALAR\3.X\ASMFILE.ASM 111 : Found label after column 1. (CEVIR_2)
Warning[207] C:\USERS\AZUWIN\DESKTOP\DESKTOP\MIKROIşLEMCILER BüTüNLEME HAZıRLıK\PROJE_DOSYALARI\ADC\ÇALışMALAR\3.X\ASMFILE.ASM 114 : Found label after column 1. (T2)
Warning[207] C:\USERS\AZUWIN\DESKTOP\DESKTOP\MIKROIşLEMCILER BüTüNLEME HAZıRLıK\PROJE_DOSYALARI\ADC\ÇALışMALAR\3.X\ASMFILE.ASM 126 : Found label after column 1. (CEVIR_1)
Warning[207] C:\USERS\AZUWIN\DESKTOP\DESKTOP\MIKROIşLEMCILER BüTüNLEME HAZıRLıK\PROJE_DOSYALARI\ADC\ÇALışMALAR\3.X\ASMFILE.ASM 161 : Found label after column 1. (ASCII_LOOKUP)
Warning[207] C:\USERS\AZUWIN\DESKTOP\DESKTOP\MIKROIşLEMCILER BüTüNLEME HAZıRLıK\PROJE_DOSYALARI\ADC\ÇALışMALAR\3.X\ASMFILE.ASM 174 : Found label after column 1. (ADC_AYAR)
Message[302] C:\USERS\AZUWIN\DESKTOP\DESKTOP\MIKROIşLEMCILER BüTüNLEME HAZıRLıK\PROJE_DOSYALARI\ADC\ÇALışMALAR\3.X\ASMFILE.ASM 177 : Register in operand not in bank 0.  Ensure that bank bits are correct.
Warning[207] C:\USERS\AZUWIN\DESKTOP\DESKTOP\MIKROIşLEMCILER BüTüNLEME HAZıRLıK\PROJE_DOSYALARI\ADC\ÇALışMALAR\3.X\ASMFILE.ASM 193 : Found label after column 1. (ADC_OKU)
Warning[207] C:\USERS\AZUWIN\DESKTOP\DESKTOP\MIKROIşLEMCILER BüTüNLEME HAZıRLıK\PROJE_DOSYALARI\ADC\ÇALışMALAR\3.X\ASMFILE.ASM 196 : Found label after column 1. (FD)
Message[302] C:\USERS\AZUWIN\DESKTOP\DESKTOP\MIKROIşLEMCILER BüTüNLEME HAZıRLıK\PROJE_DOSYALARI\ADC\ÇALışMALAR\3.X\ASMFILE.ASM 205 : Register in operand not in bank 0.  Ensure that bank bits are correct.
Warning[207] C:\USERS\AZUWIN\DESKTOP\DESKTOP\MIKROIşLEMCILER BüTüNLEME HAZıRLıK\PROJE_DOSYALARI\ADC\ÇALışMALAR\3.X\ASMFILE.ASM 212 : Found label after column 1. (TEMIZLE)
Warning[207] C:\USERS\AZUWIN\DESKTOP\DESKTOP\MIKROIşLEMCILER BüTüNLEME HAZıRLıK\PROJE_DOSYALARI\ADC\ÇALışMALAR\3.X\ASMFILE.ASM 220 : Found label after column 1. (BASLA)
Warning[207] C:\USERS\AZUWIN\DESKTOP\DESKTOP\MIKROIşLEMCILER BüTüNLEME HAZıRLıK\PROJE_DOSYALARI\ADC\ÇALışMALAR\3.X\ASMFILE.ASM 224 : Found label after column 1. (GG)
