MPASM 5.76                       ASMFILE.ASM   2-19-2022  11:35:19         PAGE  1


LOC  OBJECT CODE     LINE SOURCE TEXT
  VALUE

                      00001 #include <p16f877A.inc>
                      00001         LIST
                      00002 
                      00003 ;==========================================================================
                      00004 ; Build date : Sep 19 2017
                      00005 ;  MPASM PIC16F877A processor include
                      00006 ; 
                      00007 ;  (c) Copyright 1999-2017 Microchip Technology, All rights reserved
                      00008 ;==========================================================================
                      00009 
                      00567         LIST
                      00002     
Warning[207]: Found label after column 1. (G1)
  00000020            00003     G1      EQU 0X20
Warning[207]: Found label after column 1. (VERI)
  00000021            00004     VERI    EQU 0X21
Warning[207]: Found label after column 1. (TMP)
  00000022            00005     TMP     EQU 0X22
                      00006     
Warning[207]: Found label after column 1. (SAYI_L)
  00000023            00007     SAYI_L EQU 0X23
Warning[207]: Found label after column 1. (SAYI_H)
  00000024            00008     SAYI_H EQU 0X24
                      00009     
Warning[207]: Found label after column 1. (BASAMAK_1)
  00000025            00010     BASAMAK_1 EQU 0X25
Warning[207]: Found label after column 1. (BASAMAK_2)
  00000026            00011     BASAMAK_2 EQU 0X26
Warning[207]: Found label after column 1. (BASAMAK_3)
  00000027            00012     BASAMAK_3 EQU 0X27
Warning[207]: Found label after column 1. (BASAMAK_4)
  00000028            00013     BASAMAK_4 EQU 0X28
                      00014  
Warning[207]: Found label after column 1. (G2)
  00000029            00015     G2 EQU 0X29
                      00016             
                      00017     ORG 0X00
0000   2???           00018     GOTO BASLA
                      00019     
Warning[207]: Found label after column 1. (LCD_AYAR)
0001                  00020     LCD_AYAR
0001   1683 1303      00021         BANKSEL TRISB
Message[302]: Register in operand not in bank 0.  Ensure that bank bits are correct.
0003   0186           00022         CLRF TRISB
0004   1283 1303      00023         BANKSEL PORTB
0006   0186           00024         CLRF PORTB
                      00025         
0007   1206           00026         BCF PORTB,4
                      00027         
0008   3002           00028         MOVLW 0X02
0009   2???           00029         CALL GONDER
                      00030         
000A   3028           00031         MOVLW 0X28
MPASM 5.76                       ASMFILE.ASM   2-19-2022  11:35:19         PAGE  2


LOC  OBJECT CODE     LINE SOURCE TEXT
  VALUE

000B   2???           00032         CALL GONDER
                      00033         
000C   3001           00034         MOVLW 0X01
000D   2???           00035         CALL GONDER
                      00036         
000E   3010           00037         MOVLW 0X10
000F   2???           00038         CALL GONDER
                      00039         
0010   3006           00040         MOVLW 0X06
0011   2???           00041         CALL GONDER
                      00042         
0012   300D           00043         MOVLW 0X0D
0013   2???           00044         CALL GONDER
                      00045         
0014   0008           00046         RETURN
                      00047         
Warning[207]: Found label after column 1. (TETIKLEME)
0015                  00048     TETIKLEME
0015   1283 1303      00049         BANKSEL PORTB
0017   1686           00050         BSF PORTB,5
0018   2???           00051         CALL GECIKME_200USN
0019   1286           00052         BCF PORTB,5
001A   0008           00053         RETURN
                      00054         
Warning[207]: Found label after column 1. (GECIKME_200USN)
001B                  00055     GECIKME_200USN
001B   30C8           00056         MOVLW 0XC8
001C   00A0           00057         MOVWF G1
Warning[207]: Found label after column 1. (AR)
001D                  00058         AR:
001D   0BA0           00059            DECFSZ G1,1
001E   2???           00060            GOTO AR
001F   0008           00061         RETURN
                      00062         
Warning[207]: Found label after column 1. (GECIKME_50MSN)
0020                  00063     GECIKME_50MSN
0020   300F           00064         MOVLW 0X0F
0021   00A0           00065         MOVWF G1
                      00066         
0022   3028           00067         MOVLW 0X28
0023   00A9           00068         MOVWF G2
                      00069         
Warning[207]: Found label after column 1. (DR)
0024                  00070         DR: 
0024   0BA0           00071             DECFSZ G1,1
0025   2???           00072             GOTO DR
                      00073             
0026   0BA9           00074             DECFSZ G2,1
0027   2???           00075             GOTO DR
                      00076             
0028   0008           00077         RETURN
                      00078         
Warning[207]: Found label after column 1. (GONDER)
MPASM 5.76                       ASMFILE.ASM   2-19-2022  11:35:19         PAGE  3


LOC  OBJECT CODE     LINE SOURCE TEXT
  VALUE

0029                  00079     GONDER
0029   00A1           00080         MOVWF VERI
002A   0E21           00081         SWAPF VERI,0
002B   390F           00082         ANDLW 0X0F
002C   00A2           00083         MOVWF TMP
002D   0806           00084         MOVFW PORTB
002E   39F0           00085         ANDLW 0XF0
002F   0422           00086         IORWF TMP,0
0030   0086           00087         MOVWF PORTB
0031   2???           00088         CALL TETIKLEME
                      00089         
0032   0821           00090         MOVFW VERI
0033   390F           00091         ANDLW 0X0F
0034   00A2           00092         MOVWF TMP
0035   0806           00093         MOVFW PORTB
0036   39F0           00094         ANDLW 0XF0
0037   0422           00095         IORWF TMP,0
0038   0086           00096         MOVWF PORTB
0039   2???           00097         CALL TETIKLEME
                      00098         
003A   0008           00099         RETURN
                      00100     
Warning[207]: Found label after column 1. (CEVIR)
003B                  00101     CEVIR
003B   08A4           00102         MOVF SAYI_H,F
003C   1903           00103         BTFSC STATUS,Z
003D   2???           00104         GOTO ATLA
003E   2???           00105         CALL CEVIR_2
003F   0008           00106         RETURN
Warning[207]: Found label after column 1. (ATLA)
0040                  00107         ATLA
0040   2???           00108             CALL CEVIR_1
0041   0008           00109         RETURN
                      00110         
Warning[207]: Found label after column 1. (CEVIR_2)
0042                  00111     CEVIR_2
0042   0823           00112         MOVFW SAYI_L
0043   00A2           00113         MOVWF TMP
Warning[207]: Found label after column 1. (T2)
0044                  00114         T2
0044   0AA5           00115             INCF BASAMAK_1,1
0045   30FF           00116             MOVLW .255
0046   00A3           00117             MOVWF SAYI_L
0047   2???           00118             CALL CEVIR_1
0048   0BA4           00119             DECFSZ SAYI_H,1
0049   2???           00120             GOTO T2
004A   0822           00121         MOVFW TMP
004B   00A3           00122         MOVWF SAYI_L
004C   2???           00123         CALL CEVIR_1
004D   0008           00124         RETURN
                      00125         
Warning[207]: Found label after column 1. (CEVIR_1)
004E                  00126     CEVIR_1
MPASM 5.76                       ASMFILE.ASM   2-19-2022  11:35:19         PAGE  4


LOC  OBJECT CODE     LINE SOURCE TEXT
  VALUE

004E   08A3           00127         MOVF SAYI_L,F
004F   1903           00128         BTFSC STATUS,Z
0050   0008           00129         RETURN
                      00130         
0051   03A3           00131         DECF SAYI_L,1
0052   0AA5           00132         INCF BASAMAK_1,1
0053   300A           00133         MOVLW .10
0054   0225           00134         SUBWF BASAMAK_1,0
0055   1D03           00135         BTFSS STATUS,Z
0056   2???           00136         GOTO CEVIR_1
                      00137         
0057   01A5           00138         CLRF BASAMAK_1
0058   0AA6           00139         INCF BASAMAK_2,1
0059   300A           00140         MOVLW .10
005A   0226           00141         SUBWF BASAMAK_2,W
005B   1D03           00142         BTFSS STATUS,Z
005C   2???           00143         GOTO CEVIR_1
                      00144         
005D   01A6           00145         CLRF BASAMAK_2
005E   0AA7           00146         INCF BASAMAK_3,1
005F   300A           00147         MOVLW .10
0060   0227           00148         SUBWF BASAMAK_3,0
0061   1D03           00149         BTFSS STATUS,Z
0062   2???           00150         GOTO CEVIR_1
                      00151         
0063   01A7           00152         CLRF BASAMAK_3
0064   0AA8           00153         INCF BASAMAK_4,1
0065   300A           00154         MOVLW .10
0066   0228           00155         SUBWF BASAMAK_4,0
0067   1D03           00156         BTFSS STATUS,Z
0068   2???           00157         GOTO CEVIR_1
                      00158         
0069   0008           00159         RETURN
                      00160 
Warning[207]: Found label after column 1. (ASCII_LOOKUP)
006A                  00161     ASCII_LOOKUP
006A   0782           00162         ADDWF PCL,1
006B   3430           00163         RETLW 0X30
006C   3431           00164         RETLW 0X31
006D   3432           00165         RETLW 0X32
006E   3433           00166         RETLW 0X33
006F   3434           00167         RETLW 0X34
0070   3435           00168         RETLW 0X35
0071   3436           00169         RETLW 0X36
0072   3437           00170         RETLW 0X37
0073   3438           00171         RETLW 0X38
0074   3439           00172         RETLW 0X39
                      00173         
Warning[207]: Found label after column 1. (ADC_AYAR)
0075                  00174     ADC_AYAR
0075   1683 1303      00175         BANKSEL TRISA
0077   30FF           00176         MOVLW 0XFF
Message[302]: Register in operand not in bank 0.  Ensure that bank bits are correct.
MPASM 5.76                       ASMFILE.ASM   2-19-2022  11:35:19         PAGE  5


LOC  OBJECT CODE     LINE SOURCE TEXT
  VALUE

0078   0085           00177         MOVWF TRISA
                      00178         
0079   1283 1303      00179         BANKSEL ADCON0
007B   3089           00180         MOVLW 0X89
007C   009F           00181         MOVWF ADCON0
                      00182         
007D   1683 1303      00183         BANKSEL ADCON1
007F   3080           00184         MOVLW 0X80
0080   009F           00185         MOVWF ADCON0
                      00186         
0081   1283 1303      00187         BANKSEL PORTB
                      00188         
0083   2???           00189         CALL GECIKME_50MSN
                      00190         
0084   0008           00191         RETURN
                      00192         
Warning[207]: Found label after column 1. (ADC_OKU)
0085                  00193     ADC_OKU
0085   1283 1303      00194         BANKSEL ADCON0
0087   151F           00195         BSF ADCON0,GO
Warning[207]: Found label after column 1. (FD)
0088                  00196         FD:
0088   191F           00197             BTFSC ADCON0,GO
0089   2???           00198             GOTO FD
                      00199         
008A   1283 1303      00200         BANKSEL ADRESH
008C   081E           00201         MOVFW ADRESH
008D   00A4           00202         MOVWF SAYI_H
                      00203         
008E   1683 1303      00204         BANKSEL ADRESL
Message[302]: Register in operand not in bank 0.  Ensure that bank bits are correct.
0090   081E           00205         MOVFW ADRESL
0091   00A3           00206         MOVWF SAYI_L
                      00207         
0092   1283 1303      00208         BANKSEL PORTB
                      00209         
0094   0008           00210         RETURN
                      00211         
Warning[207]: Found label after column 1. (TEMIZLE)
0095                  00212     TEMIZLE
0095   1283 1303      00213         BANKSEL PORTB
0097   01A5           00214         CLRF BASAMAK_1
0098   01A6           00215         CLRF BASAMAK_2
0099   01A7           00216         CLRF BASAMAK_3
009A   01A8           00217         CLRF BASAMAK_4
009B   0008           00218         RETURN
                      00219         
Warning[207]: Found label after column 1. (BASLA)
009C                  00220     BASLA
009C   2???           00221         CALL LCD_AYAR
009D   2???           00222         CALL ADC_AYAR
                      00223         
Warning[207]: Found label after column 1. (GG)
MPASM 5.76                       ASMFILE.ASM   2-19-2022  11:35:19         PAGE  6


LOC  OBJECT CODE     LINE SOURCE TEXT
  VALUE

009E                  00224         GG:
009E   2???           00225         CALL GECIKME_50MSN
009F   2???           00226         CALL GECIKME_50MSN
00A0   2???           00227         CALL LCD_AYAR
00A1   2???           00228         CALL TEMIZLE
00A2   2???           00229         CALL ADC_OKU
00A3   1606           00230         BSF PORTB,4
                      00231         
00A4   2???           00232         CALL CEVIR
                      00233         
00A5   0828           00234         MOVFW BASAMAK_4
00A6   2???           00235         CALL ASCII_LOOKUP
00A7   2???           00236         CALL GONDER
                      00237         
00A8   0827           00238         MOVFW BASAMAK_3
00A9   2???           00239         CALL ASCII_LOOKUP
00AA   2???           00240         CALL GONDER
                      00241         
00AB   0826           00242         MOVFW BASAMAK_2
00AC   2???           00243         CALL ASCII_LOOKUP
00AD   2???           00244         CALL GONDER
                      00245         
00AE   0825           00246         MOVFW BASAMAK_1
00AF   2???           00247         CALL ASCII_LOOKUP
00B0   2???           00248         CALL GONDER
                      00249          
00B1   2???           00250         GOTO GG
                      00251             
00B2   0008           00252         RETURN
                      00253     
                      00254     END
MPASM 5.76                       ASMFILE.ASM   2-19-2022  11:35:19         PAGE  7


SYMBOL TABLE
  LABEL                             VALUE 

ACKDT                             00000005
ACKEN                             00000004
ACKSTAT                           00000006
ADCON0                            0000001F
ADCON1                            0000009F
ADCS0                             00000006
ADCS1                             00000007
ADCS2                             00000006
ADC_AYAR                          00000075
ADC_OKU                           00000085
ADDEN                             00000003
ADFM                              00000007
ADIE                              00000006
ADIF                              00000006
ADON                              00000000
ADRESH                            0000001E
ADRESL                            0000009E
AR                                0000001D
ASCII_LOOKUP                      0000006A
ATLA                              00000040
BASAMAK_1                         00000025
BASAMAK_2                         00000026
BASAMAK_3                         00000027
BASAMAK_4                         00000028
BASLA                             0000009C
BCLIE                             00000003
BCLIF                             00000003
BF                                00000000
BRGH                              00000002
C                                 00000000
C1INV                             00000004
C1OUT                             00000006
C2INV                             00000005
C2OUT                             00000007
CCP1CON                           00000017
CCP1IE                            00000002
CCP1IF                            00000002
CCP1M0                            00000000
CCP1M1                            00000001
CCP1M2                            00000002
CCP1M3                            00000003
CCP1X                             00000005
CCP1Y                             00000004
CCP2CON                           0000001D
CCP2IE                            00000000
CCP2IF                            00000000
CCP2M0                            00000000
CCP2M1                            00000001
CCP2M2                            00000002
CCP2M3                            00000003
CCP2X                             00000005
CCP2Y                             00000004
CCPR1                             00000015
MPASM 5.76                       ASMFILE.ASM   2-19-2022  11:35:19         PAGE  8


SYMBOL TABLE
  LABEL                             VALUE 

CCPR1H                            00000016
CCPR1L                            00000015
CCPR2                             0000001B
CCPR2H                            0000001C
CCPR2L                            0000001B
CEVIR                             0000003B
CEVIR_1                           0000004E
CEVIR_2                           00000042
CHS0                              00000003
CHS1                              00000004
CHS2                              00000005
CIS                               00000003
CKE                               00000006
CKP                               00000004
CM0                               00000000
CM1                               00000001
CM2                               00000002
CMCON                             0000009C
CMIE                              00000006
CMIF                              00000006
CREN                              00000004
CSRC                              00000007
CVR0                              00000000
CVR1                              00000001
CVR2                              00000002
CVR3                              00000003
CVRCON                            0000009D
CVREN                             00000007
CVROE                             00000006
CVRR                              00000005
D                                 00000005
DATA_ADDRESS                      00000005
DC                                00000001
DR                                00000024
D_A                               00000005
D_NOT_A                           00000005
EEADR                             0000010D
EEADRH                            0000010F
EECON1                            0000018C
EECON2                            0000018D
EEDATA                            0000010C
EEDATH                            0000010E
EEIE                              00000004
EEIF                              00000004
EEPGD                             00000007
F                                 00000001
FD                                00000088
FERR                              00000002
FSR                               00000004
G1                                00000020
G2                                00000029
GCEN                              00000007
GECIKME_200USN                    0000001B
MPASM 5.76                       ASMFILE.ASM   2-19-2022  11:35:19         PAGE  9


SYMBOL TABLE
  LABEL                             VALUE 

GECIKME_50MSN                     00000020
GG                                0000009E
GIE                               00000007
GO                                00000002
GONDER                            00000029
GO_DONE                           00000002
GO_NOT_DONE                       00000002
I2C_DATA                          00000005
I2C_READ                          00000002
I2C_START                         00000003
I2C_STOP                          00000004
IBF                               00000007
IBOV                              00000005
INDF                              00000000
INTCON                            0000000B
INTE                              00000004
INTEDG                            00000006
INTF                              00000001
IRP                               00000007
LCD_AYAR                          00000001
NOT_A                             00000005
NOT_ADDRESS                       00000005
NOT_BO                            00000000
NOT_BOR                           00000000
NOT_DONE                          00000002
NOT_PD                            00000003
NOT_POR                           00000001
NOT_RBPU                          00000007
NOT_RC8                           00000006
NOT_T1SYNC                        00000002
NOT_TO                            00000004
NOT_TX8                           00000006
NOT_W                             00000002
NOT_WRITE                         00000002
OBF                               00000006
OERR                              00000001
OPTION_REG                        00000081
P                                 00000004
PCFG0                             00000000
PCFG1                             00000001
PCFG2                             00000002
PCFG3                             00000003
PCL                               00000002
PCLATH                            0000000A
PCON                              0000008E
PEIE                              00000006
PEN                               00000002
PIE1                              0000008C
PIE2                              0000008D
PIR1                              0000000C
PIR2                              0000000D
PORTA                             00000005
PORTB                             00000006
MPASM 5.76                       ASMFILE.ASM   2-19-2022  11:35:19         PAGE 10


SYMBOL TABLE
  LABEL                             VALUE 

PORTC                             00000007
PORTD                             00000008
PORTE                             00000009
PR2                               00000092
PS0                               00000000
PS1                               00000001
PS2                               00000002
PSA                               00000003
PSPIE                             00000007
PSPIF                             00000007
PSPMODE                           00000004
R                                 00000002
RA0                               00000000
RA1                               00000001
RA2                               00000002
RA3                               00000003
RA4                               00000004
RA5                               00000005
RB0                               00000000
RB1                               00000001
RB2                               00000002
RB3                               00000003
RB4                               00000004
RB5                               00000005
RB6                               00000006
RB7                               00000007
RBIE                              00000003
RBIF                              00000000
RC0                               00000000
RC1                               00000001
RC2                               00000002
RC3                               00000003
RC4                               00000004
RC5                               00000005
RC6                               00000006
RC7                               00000007
RC8_9                             00000006
RC9                               00000006
RCD8                              00000000
RCEN                              00000003
RCIE                              00000005
RCIF                              00000005
RCREG                             0000001A
RCSTA                             00000018
RD                                00000000
RD0                               00000000
RD1                               00000001
RD2                               00000002
RD3                               00000003
RD4                               00000004
RD5                               00000005
RD6                               00000006
RD7                               00000007
MPASM 5.76                       ASMFILE.ASM   2-19-2022  11:35:19         PAGE 11


SYMBOL TABLE
  LABEL                             VALUE 

RE0                               00000000
RE1                               00000001
RE2                               00000002
READ_WRITE                        00000002
RP0                               00000005
RP1                               00000006
RSEN                              00000001
RX9                               00000006
RX9D                              00000000
R_NOT_W                           00000002
R_W                               00000002
S                                 00000003
SAYI_H                            00000024
SAYI_L                            00000023
SEN                               00000000
SMP                               00000007
SPBRG                             00000099
SPEN                              00000007
SREN                              00000005
SSPADD                            00000093
SSPBUF                            00000013
SSPCON                            00000014
SSPCON2                           00000091
SSPEN                             00000005
SSPIE                             00000003
SSPIF                             00000003
SSPM0                             00000000
SSPM1                             00000001
SSPM2                             00000002
SSPM3                             00000003
SSPOV                             00000006
SSPSTAT                           00000094
STATUS                            00000003
SYNC                              00000004
T0CS                              00000005
T0IE                              00000005
T0IF                              00000002
T0SE                              00000004
T1CKPS0                           00000004
T1CKPS1                           00000005
T1CON                             00000010
T1INSYNC                          00000002
T1OSCEN                           00000003
T1SYNC                            00000002
T2                                00000044
T2CKPS0                           00000000
T2CKPS1                           00000001
T2CON                             00000012
TEMIZLE                           00000095
TETIKLEME                         00000015
TMP                               00000022
TMR0                              00000001
TMR0IE                            00000005
MPASM 5.76                       ASMFILE.ASM   2-19-2022  11:35:19         PAGE 12


SYMBOL TABLE
  LABEL                             VALUE 

TMR0IF                            00000002
TMR1                              0000000E
TMR1CS                            00000001
TMR1H                             0000000F
TMR1IE                            00000000
TMR1IF                            00000000
TMR1L                             0000000E
TMR1ON                            00000000
TMR2                              00000011
TMR2IE                            00000001
TMR2IF                            00000001
TMR2ON                            00000002
TOUTPS0                           00000003
TOUTPS1                           00000004
TOUTPS2                           00000005
TOUTPS3                           00000006
TRISA                             00000085
TRISA0                            00000000
TRISA1                            00000001
TRISA2                            00000002
TRISA3                            00000003
TRISA4                            00000004
TRISA5                            00000005
TRISB                             00000086
TRISB0                            00000000
TRISB1                            00000001
TRISB2                            00000002
TRISB3                            00000003
TRISB4                            00000004
TRISB5                            00000005
TRISB6                            00000006
TRISB7                            00000007
TRISC                             00000087
TRISC0                            00000000
TRISC1                            00000001
TRISC2                            00000002
TRISC3                            00000003
TRISC4                            00000004
TRISC5                            00000005
TRISC6                            00000006
TRISC7                            00000007
TRISD                             00000088
TRISD0                            00000000
TRISD1                            00000001
TRISD2                            00000002
TRISD3                            00000003
TRISD4                            00000004
TRISD5                            00000005
TRISD6                            00000006
TRISD7                            00000007
TRISE                             00000089
TRISE0                            00000000
TRISE1                            00000001
MPASM 5.76                       ASMFILE.ASM   2-19-2022  11:35:19         PAGE 13


SYMBOL TABLE
  LABEL                             VALUE 

TRISE2                            00000002
TRMT                              00000001
TX8_9                             00000006
TX9                               00000006
TX9D                              00000000
TXD8                              00000000
TXEN                              00000005
TXIE                              00000004
TXIF                              00000004
TXREG                             00000019
TXSTA                             00000098
UA                                00000001
VERI                              00000021
W                                 00000000
WCOL                              00000007
WR                                00000001
WREN                              00000002
WRERR                             00000003
Z                                 00000002
_BODEN_OFF                        00003FBF
_BODEN_ON                         00003FFF
_BOREN_OFF                        00003FBF
_BOREN_ON                         00003FFF
_CONFIG                           00002007
_CPD_OFF                          00003FFF
_CPD_ON                           00003EFF
_CP_ALL                           00001FFF
_CP_OFF                           00003FFF
_CP_ON                            00001FFF
_DEBUG_OFF                        00003FFF
_DEBUG_ON                         000037FF
_DEVID1                           00002006
_FOSC_EXTRC                       00003FFF
_FOSC_HS                          00003FFE
_FOSC_LP                          00003FFC
_FOSC_XT                          00003FFD
_HS_OSC                           00003FFE
_IDLOC0                           00002000
_IDLOC1                           00002001
_IDLOC2                           00002002
_IDLOC3                           00002003
_LP_OSC                           00003FFC
_LVP_OFF                          00003F7F
_LVP_ON                           00003FFF
_PWRTE_OFF                        00003FFF
_PWRTE_ON                         00003FF7
_RC_OSC                           00003FFF
_WDTE_OFF                         00003FFB
_WDTE_ON                          00003FFF
_WDT_OFF                          00003FFB
_WDT_ON                           00003FFF
_WRT_1FOURTH                      00003BFF
_WRT_256                          00003DFF
MPASM 5.76                       ASMFILE.ASM   2-19-2022  11:35:19         PAGE 14


SYMBOL TABLE
  LABEL                             VALUE 

_WRT_HALF                         000039FF
_WRT_OFF                          00003FFF
_XT_OSC                           00003FFD
__16F877A                         00000001

Errors   :     0
Warnings :    29 reported,     0 suppressed
Messages :     3 reported,     0 suppressed

